Flow report for cnt_dly_SLG46620
Sun Sep 12 13:40:22 2021
Quartus Prime Version 18.1.0 Build 625 09/12/2018 SJ Standard Edition


---------------------
; Table of Contents ;
---------------------
  1. Legal Notice
  2. Flow Summary
  3. Flow Settings
  4. Flow Non-Default Global Settings
  5. Flow Elapsed Time
  6. Flow OS Summary
  7. Flow Log
  8. Flow Messages
  9. Flow Suppressed Messages



----------------
; Legal Notice ;
----------------
Copyright (C) 2018  Intel Corporation. All rights reserved.
Your use of Intel Corporation's design tools, logic functions 
and other software and tools, and its AMPP partner logic 
functions, and any output files from any of the foregoing 
(including device programming or simulation files), and any 
associated documentation or information are expressly subject 
to the terms and conditions of the Intel Program License 
Subscription Agreement, the Intel Quartus Prime License Agreement,
the Intel FPGA IP License Agreement, or other applicable license
agreement, including, without limitation, that your use is for
the sole purpose of programming logic devices manufactured by
Intel and sold by Intel or its authorized distributors.  Please
refer to the applicable agreement for further details.



+-----------------------------------------------------------------------------------+
; Flow Summary                                                                      ;
+---------------------------------+-------------------------------------------------+
; Flow Status                     ; Successful - Sun Sep 12 13:40:17 2021           ;
; Quartus Prime Version           ; 18.1.0 Build 625 09/12/2018 SJ Standard Edition ;
; Revision Name                   ; cnt_dly_SLG46620                                ;
; Top-level Entity Name           ; cnt_dly_macrocell                               ;
; Family                          ; Cyclone V                                       ;
; Device                          ; 5CEFA2F23C6                                     ;
; Timing Models                   ; Final                                           ;
; Logic utilization (in ALMs)     ; 86 / 9,430 ( < 1 % )                            ;
; Total registers                 ; 19                                              ;
; Total pins                      ; 46 / 224 ( 21 % )                               ;
; Total virtual pins              ; 0                                               ;
; Total block memory bits         ; 0 / 1,802,240 ( 0 % )                           ;
; Total DSP Blocks                ; 0 / 25 ( 0 % )                                  ;
; Total HSSI RX PCSs              ; 0                                               ;
; Total HSSI PMA RX Deserializers ; 0                                               ;
; Total HSSI TX PCSs              ; 0                                               ;
; Total HSSI PMA TX Serializers   ; 0                                               ;
; Total PLLs                      ; 0 / 4 ( 0 % )                                   ;
; Total DLLs                      ; 0 / 4 ( 0 % )                                   ;
+---------------------------------+-------------------------------------------------+


+-----------------------------------------+
; Flow Settings                           ;
+-------------------+---------------------+
; Option            ; Setting             ;
+-------------------+---------------------+
; Start date & time ; 09/12/2021 13:39:38 ;
; Main task         ; Compilation         ;
; Revision Name     ; cnt_dly_SLG46620    ;
+-------------------+---------------------+


+----------------------------------------------------------------------------------------------------------------------------------+
; Flow Non-Default Global Settings                                                                                                 ;
+-------------------------------------+----------------------------------------+------------------+-------------------+------------+
; Assignment Name                     ; Value                                  ; Default Value    ; Entity Name       ; Section Id ;
+-------------------------------------+----------------------------------------+------------------+-------------------+------------+
; COMPILER_SIGNATURE_ID               ; 2200303521616.163144317810372          ; --               ; --                ; --         ;
; MAX_CORE_JUNCTION_TEMP              ; 85                                     ; --               ; --                ; --         ;
; MIN_CORE_JUNCTION_TEMP              ; 0                                      ; --               ; --                ; --         ;
; NUM_PARALLEL_PROCESSORS             ; All                                    ; --               ; --                ; --         ;
; PARTITION_COLOR                     ; -- (Not supported for targeted family) ; --               ; cnt_dly_macrocell ; Top        ;
; PARTITION_FITTER_PRESERVATION_LEVEL ; -- (Not supported for targeted family) ; --               ; cnt_dly_macrocell ; Top        ;
; PARTITION_NETLIST_TYPE              ; -- (Not supported for targeted family) ; --               ; cnt_dly_macrocell ; Top        ;
; POWER_BOARD_THERMAL_MODEL           ; None (CONSERVATIVE)                    ; --               ; --                ; --         ;
; POWER_PRESET_COOLING_SOLUTION       ; 23 MM HEAT SINK WITH 200 LFPM AIRFLOW  ; --               ; --                ; --         ;
; PROJECT_OUTPUT_DIRECTORY            ; output_files                           ; --               ; --                ; --         ;
; TOP_LEVEL_ENTITY                    ; cnt_dly_macrocell                      ; cnt_dly_SLG46620 ; --                ; --         ;
+-------------------------------------+----------------------------------------+------------------+-------------------+------------+


+--------------------------------------------------------------------------------------------------------------------------+
; Flow Elapsed Time                                                                                                        ;
+----------------------+--------------+-------------------------+---------------------+------------------------------------+
; Module Name          ; Elapsed Time ; Average Processors Used ; Peak Virtual Memory ; Total CPU Time (on all processors) ;
+----------------------+--------------+-------------------------+---------------------+------------------------------------+
; Analysis & Synthesis ; 00:00:10     ; 1.0                     ; 4827 MB             ; 00:00:23                           ;
; Fitter               ; 00:00:24     ; 1.0                     ; 6277 MB             ; 00:00:39                           ;
; Assembler            ; 00:00:04     ; 1.0                     ; 4812 MB             ; 00:00:03                           ;
; Timing Analyzer      ; 00:00:04     ; 1.2                     ; 5060 MB             ; 00:00:05                           ;
; Total                ; 00:00:42     ; --                      ; --                  ; 00:01:10                           ;
+----------------------+--------------+-------------------------+---------------------+------------------------------------+


+------------------------------------------------------------------------------------+
; Flow OS Summary                                                                    ;
+----------------------+------------------+------------+------------+----------------+
; Module Name          ; Machine Hostname ; OS Name    ; OS Version ; Processor type ;
+----------------------+------------------+------------+------------+----------------+
; Analysis & Synthesis ; DESKTOP-Q6OHLG8  ; Windows 10 ; 10.0       ; x86_64         ;
; Fitter               ; DESKTOP-Q6OHLG8  ; Windows 10 ; 10.0       ; x86_64         ;
; Assembler            ; DESKTOP-Q6OHLG8  ; Windows 10 ; 10.0       ; x86_64         ;
; Timing Analyzer      ; DESKTOP-Q6OHLG8  ; Windows 10 ; 10.0       ; x86_64         ;
+----------------------+------------------+------------+------------+----------------+


------------
; Flow Log ;
------------
quartus_map --read_settings_files=on --write_settings_files=off cnt_dly_SLG46620 -c cnt_dly_SLG46620
quartus_fit --read_settings_files=off --write_settings_files=off cnt_dly_SLG46620 -c cnt_dly_SLG46620
quartus_asm --read_settings_files=off --write_settings_files=off cnt_dly_SLG46620 -c cnt_dly_SLG46620
quartus_sta cnt_dly_SLG46620 -c cnt_dly_SLG46620



