Analysis & Synthesis report for cnt_dly_SLG46620
Sun Sep 12 13:39:48 2021
Quartus Prime Version 18.1.0 Build 625 09/12/2018 SJ Standard Edition


---------------------
; Table of Contents ;
---------------------
  1. Legal Notice
  2. Analysis & Synthesis Summary
  3. Analysis & Synthesis Settings
  4. Parallel Compilation
  5. Analysis & Synthesis Source Files Read
  6. Analysis & Synthesis Resource Usage Summary
  7. Analysis & Synthesis Resource Utilization by Entity
  8. General Register Statistics
  9. Multiplexer Restructuring Statistics (Restructuring Performed)
 10. Parameter Settings for User Entity Instance: Top-level Entity: |cnt_dly_macrocell
 11. Parameter Settings for User Entity Instance: dly_mode:dly_mode_inst
 12. Parameter Settings for User Entity Instance: cnt_fsm_mode:cnt_mode_inst
 13. Post-Synthesis Netlist Statistics for Top Partition
 14. Elapsed Time Per Partition
 15. Analysis & Synthesis Messages



----------------
; Legal Notice ;
----------------
Copyright (C) 2018  Intel Corporation. All rights reserved.
Your use of Intel Corporation's design tools, logic functions 
and other software and tools, and its AMPP partner logic 
functions, and any output files from any of the foregoing 
(including device programming or simulation files), and any 
associated documentation or information are expressly subject 
to the terms and conditions of the Intel Program License 
Subscription Agreement, the Intel Quartus Prime License Agreement,
the Intel FPGA IP License Agreement, or other applicable license
agreement, including, without limitation, that your use is for
the sole purpose of programming logic devices manufactured by
Intel and sold by Intel or its authorized distributors.  Please
refer to the applicable agreement for further details.



+-----------------------------------------------------------------------------------+
; Analysis & Synthesis Summary                                                      ;
+---------------------------------+-------------------------------------------------+
; Analysis & Synthesis Status     ; Successful - Sun Sep 12 13:39:48 2021           ;
; Quartus Prime Version           ; 18.1.0 Build 625 09/12/2018 SJ Standard Edition ;
; Revision Name                   ; cnt_dly_SLG46620                                ;
; Top-level Entity Name           ; cnt_dly_macrocell                               ;
; Family                          ; Cyclone V                                       ;
; Logic utilization (in ALMs)     ; N/A                                             ;
; Total registers                 ; 19                                              ;
; Total pins                      ; 46                                              ;
; Total virtual pins              ; 0                                               ;
; Total block memory bits         ; 0                                               ;
; Total DSP Blocks                ; 0                                               ;
; Total HSSI RX PCSs              ; 0                                               ;
; Total HSSI PMA RX Deserializers ; 0                                               ;
; Total HSSI TX PCSs              ; 0                                               ;
; Total HSSI PMA TX Serializers   ; 0                                               ;
; Total PLLs                      ; 0                                               ;
; Total DLLs                      ; 0                                               ;
+---------------------------------+-------------------------------------------------+


+---------------------------------------------------------------------------------------------------------------------------+
; Analysis & Synthesis Settings                                                                                             ;
+---------------------------------------------------------------------------------+--------------------+--------------------+
; Option                                                                          ; Setting            ; Default Value      ;
+---------------------------------------------------------------------------------+--------------------+--------------------+
; Device                                                                          ; 5CEFA2F23C6        ;                    ;
; Top-level entity name                                                           ; cnt_dly_macrocell  ; cnt_dly_SLG46620   ;
; Family name                                                                     ; Cyclone V          ; Cyclone V          ;
; Maximum processors allowed for parallel compilation                             ; All                ;                    ;
; Use smart compilation                                                           ; Off                ; Off                ;
; Enable parallel Assembler and Timing Analyzer during compilation                ; On                 ; On                 ;
; Enable compact report table                                                     ; Off                ; Off                ;
; Restructure Multiplexers                                                        ; Auto               ; Auto               ;
; MLAB Add Timing Constraints For Mixed-Port Feed-Through Mode Setting Don't Care ; Off                ; Off                ;
; Create Debugging Nodes for IP Cores                                             ; Off                ; Off                ;
; Preserve fewer node names                                                       ; On                 ; On                 ;
; Intel FPGA IP Evaluation Mode                                                   ; Enable             ; Enable             ;
; Verilog Version                                                                 ; Verilog_2001       ; Verilog_2001       ;
; VHDL Version                                                                    ; VHDL_1993          ; VHDL_1993          ;
; State Machine Processing                                                        ; Auto               ; Auto               ;
; Safe State Machine                                                              ; Off                ; Off                ;
; Extract Verilog State Machines                                                  ; On                 ; On                 ;
; Extract VHDL State Machines                                                     ; On                 ; On                 ;
; Ignore Verilog initial constructs                                               ; Off                ; Off                ;
; Iteration limit for constant Verilog loops                                      ; 5000               ; 5000               ;
; Iteration limit for non-constant Verilog loops                                  ; 250                ; 250                ;
; Add Pass-Through Logic to Inferred RAMs                                         ; On                 ; On                 ;
; Infer RAMs from Raw Logic                                                       ; On                 ; On                 ;
; Parallel Synthesis                                                              ; On                 ; On                 ;
; DSP Block Balancing                                                             ; Auto               ; Auto               ;
; NOT Gate Push-Back                                                              ; On                 ; On                 ;
; Power-Up Don't Care                                                             ; On                 ; On                 ;
; Remove Redundant Logic Cells                                                    ; Off                ; Off                ;
; Remove Duplicate Registers                                                      ; On                 ; On                 ;
; Ignore CARRY Buffers                                                            ; Off                ; Off                ;
; Ignore CASCADE Buffers                                                          ; Off                ; Off                ;
; Ignore GLOBAL Buffers                                                           ; Off                ; Off                ;
; Ignore ROW GLOBAL Buffers                                                       ; Off                ; Off                ;
; Ignore LCELL Buffers                                                            ; Off                ; Off                ;
; Ignore SOFT Buffers                                                             ; On                 ; On                 ;
; Limit AHDL Integers to 32 Bits                                                  ; Off                ; Off                ;
; Optimization Technique                                                          ; Balanced           ; Balanced           ;
; Carry Chain Length                                                              ; 70                 ; 70                 ;
; Auto Carry Chains                                                               ; On                 ; On                 ;
; Auto Open-Drain Pins                                                            ; On                 ; On                 ;
; Perform WYSIWYG Primitive Resynthesis                                           ; Off                ; Off                ;
; Auto ROM Replacement                                                            ; On                 ; On                 ;
; Auto RAM Replacement                                                            ; On                 ; On                 ;
; Auto DSP Block Replacement                                                      ; On                 ; On                 ;
; Auto Shift Register Replacement                                                 ; Auto               ; Auto               ;
; Allow Shift Register Merging across Hierarchies                                 ; Auto               ; Auto               ;
; Auto Clock Enable Replacement                                                   ; On                 ; On                 ;
; Strict RAM Replacement                                                          ; Off                ; Off                ;
; Allow Synchronous Control Signals                                               ; On                 ; On                 ;
; Force Use of Synchronous Clear Signals                                          ; Off                ; Off                ;
; Auto Resource Sharing                                                           ; Off                ; Off                ;
; Allow Any RAM Size For Recognition                                              ; Off                ; Off                ;
; Allow Any ROM Size For Recognition                                              ; Off                ; Off                ;
; Allow Any Shift Register Size For Recognition                                   ; Off                ; Off                ;
; Use LogicLock Constraints during Resource Balancing                             ; On                 ; On                 ;
; Ignore translate_off and synthesis_off directives                               ; Off                ; Off                ;
; Timing-Driven Synthesis                                                         ; On                 ; On                 ;
; Report Parameter Settings                                                       ; On                 ; On                 ;
; Report Source Assignments                                                       ; On                 ; On                 ;
; Report Connectivity Checks                                                      ; On                 ; On                 ;
; Ignore Maximum Fan-Out Assignments                                              ; Off                ; Off                ;
; Synchronization Register Chain Length                                           ; 3                  ; 3                  ;
; Power Optimization During Synthesis                                             ; Normal compilation ; Normal compilation ;
; HDL message level                                                               ; Level2             ; Level2             ;
; Suppress Register Optimization Related Messages                                 ; Off                ; Off                ;
; Number of Removed Registers Reported in Synthesis Report                        ; 5000               ; 5000               ;
; Number of Swept Nodes Reported in Synthesis Report                              ; 5000               ; 5000               ;
; Number of Inverted Registers Reported in Synthesis Report                       ; 100                ; 100                ;
; Clock MUX Protection                                                            ; On                 ; On                 ;
; Auto Gated Clock Conversion                                                     ; Off                ; Off                ;
; Block Design Naming                                                             ; Auto               ; Auto               ;
; SDC constraint protection                                                       ; Off                ; Off                ;
; Synthesis Effort                                                                ; Auto               ; Auto               ;
; Shift Register Replacement - Allow Asynchronous Clear Signal                    ; On                 ; On                 ;
; Pre-Mapping Resynthesis Optimization                                            ; Off                ; Off                ;
; Analysis & Synthesis Message Level                                              ; Medium             ; Medium             ;
; Disable Register Merging Across Hierarchies                                     ; Auto               ; Auto               ;
; Resource Aware Inference For Block RAM                                          ; On                 ; On                 ;
; Automatic Parallel Synthesis                                                    ; On                 ; On                 ;
; Partial Reconfiguration Bitstream ID                                            ; Off                ; Off                ;
+---------------------------------------------------------------------------------+--------------------+--------------------+


+------------------------------------------+
; Parallel Compilation                     ;
+----------------------------+-------------+
; Processors                 ; Number      ;
+----------------------------+-------------+
; Number detected on machine ; 8           ;
; Maximum allowed            ; 4           ;
;                            ;             ;
; Average used               ; 1.00        ;
; Maximum used               ; 4           ;
;                            ;             ;
; Usage by Processor         ; % Time Used ;
;     Processor 1            ; 100.0%      ;
;     Processors 2-4         ;   0.0%      ;
+----------------------------+-------------+


+-------------------------------------------------------------------------------------------------------------------------------------------------------------------------------------------------------------------+
; Analysis & Synthesis Source Files Read                                                                                                                                                                            ;
+-----------------------------------------------+-----------------+------------------------------+--------------------------------------------------------------------------------------------------------+---------+
; File Name with User-Entered Path              ; Used in Netlist ; File Type                    ; File Name with Absolute Path                                                                           ; Library ;
+-----------------------------------------------+-----------------+------------------------------+--------------------------------------------------------------------------------------------------------+---------+
; src/cnt_dly_slg46620/cnt.sv                   ; yes             ; User SystemVerilog HDL File  ; C:/Users/admin/Documents/FPGA/cnt_dly_SLG46620/synthesis/src/cnt_dly_slg46620/cnt.sv                   ;         ;
; src/cnt_dly_slg46620/dly.sv                   ; yes             ; User SystemVerilog HDL File  ; C:/Users/admin/Documents/FPGA/cnt_dly_SLG46620/synthesis/src/cnt_dly_slg46620/dly.sv                   ;         ;
; src/cnt_dly_slg46620/cnt_dly_macrocell.sv     ; yes             ; User SystemVerilog HDL File  ; C:/Users/admin/Documents/FPGA/cnt_dly_SLG46620/synthesis/src/cnt_dly_slg46620/cnt_dly_macrocell.sv     ;         ;
; src/cnt_dly_slg46620/cnt_dly_macrocell_pkg.sv ; yes             ; User SystemVerilog HDL File  ; C:/Users/admin/Documents/FPGA/cnt_dly_SLG46620/synthesis/src/cnt_dly_slg46620/cnt_dly_macrocell_pkg.sv ;         ;
+-----------------------------------------------+-----------------+------------------------------+--------------------------------------------------------------------------------------------------------+---------+


+--------------------------------------------------------------------+
; Analysis & Synthesis Resource Usage Summary                        ;
+---------------------------------------------+----------------------+
; Resource                                    ; Usage                ;
+---------------------------------------------+----------------------+
; Estimate of Logic utilization (ALMs needed) ; 86                   ;
;                                             ;                      ;
; Combinational ALUT usage for logic          ; 162                  ;
;     -- 7 input functions                    ; 1                    ;
;     -- 6 input functions                    ; 8                    ;
;     -- 5 input functions                    ; 5                    ;
;     -- 4 input functions                    ; 63                   ;
;     -- <=3 input functions                  ; 85                   ;
;                                             ;                      ;
; Dedicated logic registers                   ; 19                   ;
;                                             ;                      ;
; I/O pins                                    ; 46                   ;
;                                             ;                      ;
; Total DSP Blocks                            ; 0                    ;
;                                             ;                      ;
; Maximum fan-out node                        ; main_counter_reset~0 ;
; Maximum fan-out                             ; 45                   ;
; Total fan-out                               ; 666                  ;
; Average fan-out                             ; 2.44                 ;
+---------------------------------------------+----------------------+


+-----------------------------------------------------------------------------------------------------------------------------------------------------------------------------------------------------------------------------+
; Analysis & Synthesis Resource Utilization by Entity                                                                                                                                                                         ;
+---------------------------------+---------------------+---------------------------+-------------------+------------+------+--------------+-----------------------------------------------+-------------------+--------------+
; Compilation Hierarchy Node      ; Combinational ALUTs ; Dedicated Logic Registers ; Block Memory Bits ; DSP Blocks ; Pins ; Virtual Pins ; Full Hierarchy Name                           ; Entity Name       ; Library Name ;
+---------------------------------+---------------------+---------------------------+-------------------+------------+------+--------------+-----------------------------------------------+-------------------+--------------+
; |cnt_dly_macrocell              ; 162 (139)           ; 19 (15)                   ; 0                 ; 0          ; 46   ; 0            ; |cnt_dly_macrocell                            ; cnt_dly_macrocell ; work         ;
;    |cnt_fsm_mode:cnt_mode_inst| ; 4 (4)               ; 1 (1)                     ; 0                 ; 0          ; 0    ; 0            ; |cnt_dly_macrocell|cnt_fsm_mode:cnt_mode_inst ; cnt_fsm_mode      ; work         ;
;    |dly_mode:dly_mode_inst|     ; 19 (19)             ; 3 (3)                     ; 0                 ; 0          ; 0    ; 0            ; |cnt_dly_macrocell|dly_mode:dly_mode_inst     ; dly_mode          ; work         ;
+---------------------------------+---------------------+---------------------------+-------------------+------------+------+--------------+-----------------------------------------------+-------------------+--------------+
Note: For table entries with two numbers listed, the numbers in parentheses indicate the number of resources of the given type used by the specific entity alone. The numbers listed outside of parentheses indicate the total resources of the given type used by the specific entity and all of its sub-entities in the hierarchy.


+------------------------------------------------------+
; General Register Statistics                          ;
+----------------------------------------------+-------+
; Statistic                                    ; Value ;
+----------------------------------------------+-------+
; Total registers                              ; 19    ;
; Number of registers using Synchronous Clear  ; 0     ;
; Number of registers using Synchronous Load   ; 0     ;
; Number of registers using Asynchronous Clear ; 19    ;
; Number of registers using Asynchronous Load  ; 0     ;
; Number of registers using Clock Enable       ; 14    ;
; Number of registers using Preset             ; 0     ;
+----------------------------------------------+-------+


+-----------------------------------------------------------------------------------------------------------------------------------------------+
; Multiplexer Restructuring Statistics (Restructuring Performed)                                                                                ;
+--------------------+-----------+---------------+----------------------+------------------------+------------+---------------------------------+
; Multiplexer Inputs ; Bus Width ; Baseline Area ; Area if Restructured ; Saving if Restructured ; Registered ; Example Multiplexer Output      ;
+--------------------+-----------+---------------+----------------------+------------------------+------------+---------------------------------+
; 7:1                ; 14 bits   ; 56 LEs        ; 28 LEs               ; 28 LEs                 ; Yes        ; |cnt_dly_macrocell|r_counter[0] ;
; 3:1                ; 14 bits   ; 28 LEs        ; 28 LEs               ; 0 LEs                  ; No         ; |cnt_dly_macrocell|r_counter    ;
+--------------------+-----------+---------------+----------------------+------------------------+------------+---------------------------------+


+-----------------------------------------------------------------------------------+
; Parameter Settings for User Entity Instance: Top-level Entity: |cnt_dly_macrocell ;
+----------------+-------+----------------------------------------------------------+
; Parameter Name ; Value ; Type                                                     ;
+----------------+-------+----------------------------------------------------------+
; BIT_WIDTH      ; 14    ; Signed Integer                                           ;
+----------------+-------+----------------------------------------------------------+
Note: In order to hide this table in the UI and the text report file, please set the "Show Parameter Settings in Synthesis Report" option in "Analysis and Synthesis Settings -> More Settings" to "Off".


+---------------------------------------------------------------------+
; Parameter Settings for User Entity Instance: dly_mode:dly_mode_inst ;
+----------------+-------+--------------------------------------------+
; Parameter Name ; Value ; Type                                       ;
+----------------+-------+--------------------------------------------+
; BIT_WIDTH      ; 14    ; Signed Integer                             ;
+----------------+-------+--------------------------------------------+
Note: In order to hide this table in the UI and the text report file, please set the "Show Parameter Settings in Synthesis Report" option in "Analysis and Synthesis Settings -> More Settings" to "Off".


+-------------------------------------------------------------------------+
; Parameter Settings for User Entity Instance: cnt_fsm_mode:cnt_mode_inst ;
+----------------+-------+------------------------------------------------+
; Parameter Name ; Value ; Type                                           ;
+----------------+-------+------------------------------------------------+
; BIT_WIDTH      ; 14    ; Signed Integer                                 ;
+----------------+-------+------------------------------------------------+
Note: In order to hide this table in the UI and the text report file, please set the "Show Parameter Settings in Synthesis Report" option in "Analysis and Synthesis Settings -> More Settings" to "Off".


+-----------------------------------------------------+
; Post-Synthesis Netlist Statistics for Top Partition ;
+-----------------------+-----------------------------+
; Type                  ; Count                       ;
+-----------------------+-----------------------------+
; arriav_ff             ; 19                          ;
;     CLR               ; 5                           ;
;     ENA CLR           ; 14                          ;
; arriav_lcell_comb     ; 163                         ;
;     arith             ; 42                          ;
;         1 data inputs ; 29                          ;
;         2 data inputs ; 13                          ;
;     extend            ; 1                           ;
;         7 data inputs ; 1                           ;
;     normal            ; 120                         ;
;         1 data inputs ; 1                           ;
;         2 data inputs ; 8                           ;
;         3 data inputs ; 35                          ;
;         4 data inputs ; 63                          ;
;         5 data inputs ; 5                           ;
;         6 data inputs ; 8                           ;
; boundary_port         ; 46                          ;
;                       ;                             ;
; Max LUT depth         ; 9.30                        ;
; Average LUT depth     ; 7.01                        ;
+-----------------------+-----------------------------+


+-------------------------------+
; Elapsed Time Per Partition    ;
+----------------+--------------+
; Partition Name ; Elapsed Time ;
+----------------+--------------+
; Top            ; 00:00:00     ;
+----------------+--------------+


+-------------------------------+
; Analysis & Synthesis Messages ;
+-------------------------------+
Info: *******************************************************************
Info: Running Quartus Prime Analysis & Synthesis
    Info: Version 18.1.0 Build 625 09/12/2018 SJ Standard Edition
    Info: Processing started: Sun Sep 12 13:39:37 2021
Info: Command: quartus_map --read_settings_files=on --write_settings_files=off cnt_dly_SLG46620 -c cnt_dly_SLG46620
Info (20030): Parallel compilation is enabled and will use 4 of the 4 processors detected
Info (12021): Found 1 design units, including 1 entities, in source file src/cnt_dly_slg46620/cnt.sv
    Info (12023): Found entity 1: cnt_fsm_mode File: C:/Users/admin/Documents/FPGA/cnt_dly_SLG46620/synthesis/src/cnt_dly_slg46620/cnt.sv Line: 3
Info (12021): Found 1 design units, including 1 entities, in source file src/cnt_dly_slg46620/dly.sv
    Info (12023): Found entity 1: dly_mode File: C:/Users/admin/Documents/FPGA/cnt_dly_SLG46620/synthesis/src/cnt_dly_slg46620/dly.sv Line: 3
Info (12021): Found 1 design units, including 1 entities, in source file src/cnt_dly_slg46620/cnt_dly_macrocell.sv
    Info (12023): Found entity 1: cnt_dly_macrocell File: C:/Users/admin/Documents/FPGA/cnt_dly_SLG46620/synthesis/src/cnt_dly_slg46620/cnt_dly_macrocell.sv Line: 11
Info (12021): Found 1 design units, including 0 entities, in source file src/cnt_dly_slg46620/cnt_dly_macrocell_pkg.sv
    Info (12022): Found design unit 1: slg46620_cnt0_pkg (SystemVerilog) File: C:/Users/admin/Documents/FPGA/cnt_dly_SLG46620/synthesis/src/cnt_dly_slg46620/cnt_dly_macrocell_pkg.sv Line: 2
Info (12127): Elaborating entity "cnt_dly_macrocell" for the top level hierarchy
Warning (10036): Verilog HDL or VHDL warning at cnt_dly_macrocell.sv(46): object "is_Wake_Sleep_Ratio_Control_mode" assigned a value but never read File: C:/Users/admin/Documents/FPGA/cnt_dly_SLG46620/synthesis/src/cnt_dly_slg46620/cnt_dly_macrocell.sv Line: 46
Info (12128): Elaborating entity "dly_mode" for hierarchy "dly_mode:dly_mode_inst" File: C:/Users/admin/Documents/FPGA/cnt_dly_SLG46620/synthesis/src/cnt_dly_slg46620/cnt_dly_macrocell.sv Line: 77
Warning (10036): Verilog HDL or VHDL warning at dly.sv(22): object "is_Both_Mode" assigned a value but never read File: C:/Users/admin/Documents/FPGA/cnt_dly_SLG46620/synthesis/src/cnt_dly_slg46620/dly.sv Line: 22
Info (12128): Elaborating entity "cnt_fsm_mode" for hierarchy "cnt_fsm_mode:cnt_mode_inst" File: C:/Users/admin/Documents/FPGA/cnt_dly_SLG46620/synthesis/src/cnt_dly_slg46620/cnt_dly_macrocell.sv Line: 103
Warning (19016): Clock multiplexers are found and protected
    Warning (19017): Found clock multiplexer Mux0 File: C:/Users/admin/Documents/FPGA/cnt_dly_SLG46620/synthesis/src/cnt_dly_slg46620/cnt_dly_macrocell.sv Line: 42
Warning (13004): Presettable and clearable registers converted to equivalent circuits with latches. Registers power-up to an undefined state, and DEVCLRn places the registers in an undefined state.
    Warning (13310): Register "dly_mode:dly_mode_inst|out_allow" is converted into an equivalent circuit using register "dly_mode:dly_mode_inst|out_allow~_emulated" and latch "dly_mode:dly_mode_inst|out_allow~1" File: C:/Users/admin/Documents/FPGA/cnt_dly_SLG46620/synthesis/src/cnt_dly_slg46620/dly.sv Line: 48
    Warning (13310): Register "r_counter[0]" is converted into an equivalent circuit using register "r_counter[0]~_emulated" and latch "r_counter[0]~1" File: C:/Users/admin/Documents/FPGA/cnt_dly_SLG46620/synthesis/src/cnt_dly_slg46620/cnt_dly_macrocell.sv Line: 129
    Warning (13310): Register "r_counter[13]" is converted into an equivalent circuit using register "r_counter[13]~_emulated" and latch "r_counter[13]~5" File: C:/Users/admin/Documents/FPGA/cnt_dly_SLG46620/synthesis/src/cnt_dly_slg46620/cnt_dly_macrocell.sv Line: 129
    Warning (13310): Register "r_counter[12]" is converted into an equivalent circuit using register "r_counter[12]~_emulated" and latch "r_counter[12]~9" File: C:/Users/admin/Documents/FPGA/cnt_dly_SLG46620/synthesis/src/cnt_dly_slg46620/cnt_dly_macrocell.sv Line: 129
    Warning (13310): Register "r_counter[11]" is converted into an equivalent circuit using register "r_counter[11]~_emulated" and latch "r_counter[11]~13" File: C:/Users/admin/Documents/FPGA/cnt_dly_SLG46620/synthesis/src/cnt_dly_slg46620/cnt_dly_macrocell.sv Line: 129
    Warning (13310): Register "r_counter[10]" is converted into an equivalent circuit using register "r_counter[10]~_emulated" and latch "r_counter[10]~17" File: C:/Users/admin/Documents/FPGA/cnt_dly_SLG46620/synthesis/src/cnt_dly_slg46620/cnt_dly_macrocell.sv Line: 129
    Warning (13310): Register "r_counter[9]" is converted into an equivalent circuit using register "r_counter[9]~_emulated" and latch "r_counter[9]~21" File: C:/Users/admin/Documents/FPGA/cnt_dly_SLG46620/synthesis/src/cnt_dly_slg46620/cnt_dly_macrocell.sv Line: 129
    Warning (13310): Register "r_counter[8]" is converted into an equivalent circuit using register "r_counter[8]~_emulated" and latch "r_counter[8]~25" File: C:/Users/admin/Documents/FPGA/cnt_dly_SLG46620/synthesis/src/cnt_dly_slg46620/cnt_dly_macrocell.sv Line: 129
    Warning (13310): Register "r_counter[7]" is converted into an equivalent circuit using register "r_counter[7]~_emulated" and latch "r_counter[7]~29" File: C:/Users/admin/Documents/FPGA/cnt_dly_SLG46620/synthesis/src/cnt_dly_slg46620/cnt_dly_macrocell.sv Line: 129
    Warning (13310): Register "r_counter[6]" is converted into an equivalent circuit using register "r_counter[6]~_emulated" and latch "r_counter[6]~33" File: C:/Users/admin/Documents/FPGA/cnt_dly_SLG46620/synthesis/src/cnt_dly_slg46620/cnt_dly_macrocell.sv Line: 129
    Warning (13310): Register "r_counter[5]" is converted into an equivalent circuit using register "r_counter[5]~_emulated" and latch "r_counter[5]~37" File: C:/Users/admin/Documents/FPGA/cnt_dly_SLG46620/synthesis/src/cnt_dly_slg46620/cnt_dly_macrocell.sv Line: 129
    Warning (13310): Register "r_counter[4]" is converted into an equivalent circuit using register "r_counter[4]~_emulated" and latch "r_counter[4]~41" File: C:/Users/admin/Documents/FPGA/cnt_dly_SLG46620/synthesis/src/cnt_dly_slg46620/cnt_dly_macrocell.sv Line: 129
    Warning (13310): Register "r_counter[3]" is converted into an equivalent circuit using register "r_counter[3]~_emulated" and latch "r_counter[3]~45" File: C:/Users/admin/Documents/FPGA/cnt_dly_SLG46620/synthesis/src/cnt_dly_slg46620/cnt_dly_macrocell.sv Line: 129
    Warning (13310): Register "r_counter[2]" is converted into an equivalent circuit using register "r_counter[2]~_emulated" and latch "r_counter[2]~49" File: C:/Users/admin/Documents/FPGA/cnt_dly_SLG46620/synthesis/src/cnt_dly_slg46620/cnt_dly_macrocell.sv Line: 129
    Warning (13310): Register "r_counter[1]" is converted into an equivalent circuit using register "r_counter[1]~_emulated" and latch "r_counter[1]~53" File: C:/Users/admin/Documents/FPGA/cnt_dly_SLG46620/synthesis/src/cnt_dly_slg46620/cnt_dly_macrocell.sv Line: 129
    Warning (13310): Register "dly_mode:dly_mode_inst|in_edge_detector" is converted into an equivalent circuit using register "dly_mode:dly_mode_inst|in_edge_detector~_emulated" and latch "dly_mode:dly_mode_inst|in_edge_detector~1" File: C:/Users/admin/Documents/FPGA/cnt_dly_SLG46620/synthesis/src/cnt_dly_slg46620/dly.sv Line: 41
    Warning (13310): Register "load_counter_dff" is converted into an equivalent circuit using register "load_counter_dff~_emulated" and latch "load_counter_dff~1" File: C:/Users/admin/Documents/FPGA/cnt_dly_SLG46620/synthesis/src/cnt_dly_slg46620/cnt_dly_macrocell.sv Line: 122
Info (286030): Timing-Driven Synthesis is running
Info (16010): Generating hard_block partition "hard_block:auto_generated_inst"
    Info (16011): Adding 0 node(s), including 0 DDIO, 0 PLL, 0 transceiver and 0 LCELL
Info (21057): Implemented 211 device resources after synthesis - the final resource count might be different
    Info (21058): Implemented 44 input pins
    Info (21059): Implemented 2 output pins
    Info (21061): Implemented 165 logic cells
Info: Quartus Prime Analysis & Synthesis was successful. 0 errors, 22 warnings
    Info: Peak virtual memory: 4827 megabytes
    Info: Processing ended: Sun Sep 12 13:39:48 2021
    Info: Elapsed time: 00:00:11
    Info: Total CPU time (on all processors): 00:00:23


